<?xml version="1.0" encoding="UTF-8"?>
<!-- Generated by org.testng.reporters.JUnitXMLReporter -->
<testsuite ignored="0" hostname="LAPTOP-GCEPLDKO" failures="1" tests="1" name="Test" time="0.667" errors="0" timestamp="2021-07-14T18:31:36 PDT">
  <testcase classname="com.hy.shy.testrunner.TestttRunn" name="feature" time="0.0">
    <failure type="org.testng.TestNGException" message="
Method public void com.hy.shy.testrunner.TestttRunn.feature(cucumber.api.testng.CucumberFeatureWrapper) requires a @DataProvider named : Features">
      <![CDATA[org.testng.TestNGException: 
Method public void com.hy.shy.testrunner.TestttRunn.feature(cucumber.api.testng.CucumberFeatureWrapper) requires a @DataProvider named : Features
at java.base/java.util.ArrayList.forEach(ArrayList.java:1540)
... Removed 24 stack frames]]>
    </failure>
  </testcase> <!-- feature -->
</testsuite> <!-- Test -->
